<?xml version="1.0" encoding="UTF-8"?>
<!-- Generated by org.testng.reporters.JUnitReportReporter -->
<testsuite hostname="DESKTOP-J7DNQ9P" failures="0" tests="1" name="Testcases.TC_Login_001" time="8.486" errors="0" timestamp="2023-09-11T15:48:29 IST" skipped="0">
  <testcase classname="Testcases.TC_Login_001" name="logintest" time="8.486"/>
</testsuite> <!-- Testcases.TC_Login_001 -->
